<?xml version="1.0" encoding="UTF-8"?>
<testng-results ignored="0" total="6" passed="5" failed="1" skipped="0">
  <reporter-output>
    <line>
      <![CDATA[Test cases verifyLoginPageTitleTest]]>
    </line>
    <line>
      <![CDATA[status 1]]>
    </line>
    <line>
      <![CDATA[Test cases verifySignUpNowLinkTest]]>
    </line>
    <line>
      <![CDATA[Test cases loginTest]]>
    </line>
    <line>
      <![CDATA[status 1]]>
    </line>
    <line>
      <![CDATA[Test cases verifyHomePageTitleTest]]>
    </line>
    <line>
      <![CDATA[status 1]]>
    </line>
    <line>
      <![CDATA[Test cases verifyHomePageHeaderTest]]>
    </line>
    <line>
      <![CDATA[status 1]]>
    </line>
    <line>
      <![CDATA[Test cases verifyLoggedInUserTest]]>
    </line>
    <line>
      <![CDATA[status 1]]>
    </line>
  </reporter-output>
  <suite started-at="2023-10-25T23:54:25 IST" name="trcrm app regression suite" finished-at="2023-10-25T23:55:43 IST" duration-ms="77920">
    <groups>
    </groups>
    <test started-at="2023-10-25T23:54:25 IST" name="Login Page test" finished-at="2023-10-25T23:55:01 IST" duration-ms="35490">
      <class name="com.qa.trcrm.tests.LoginPageTest">
        <test-method is-config="true" signature="setUp()[pri:0, instance:com.qa.trcrm.tests.LoginPageTest@7776ab]" started-at="2023-10-25T23:54:25 IST" name="setUp" finished-at="2023-10-25T23:54:45 IST" duration-ms="19755" status="PASS">
          <reporter-output>
          </reporter-output>
        </test-method> <!-- setUp -->
        <test-method signature="verifyLoginPageTitleTest()[pri:1, instance:com.qa.trcrm.tests.LoginPageTest@7776ab]" started-at="2023-10-25T23:54:45 IST" name="verifyLoginPageTitleTest" finished-at="2023-10-25T23:54:45 IST" duration-ms="45" status="PASS">
          <reporter-output>
            <line>
              <![CDATA[Test cases verifyLoginPageTitleTest]]>
            </line>
            <line>
              <![CDATA[status 1]]>
            </line>
          </reporter-output>
        </test-method> <!-- verifyLoginPageTitleTest -->
        <test-method signature="verifySignUpNowLinkTest()[pri:2, instance:com.qa.trcrm.tests.LoginPageTest@7776ab]" started-at="2023-10-25T23:54:45 IST" name="verifySignUpNowLinkTest" finished-at="2023-10-25T23:54:45 IST" duration-ms="297" status="FAIL">
          <exception class="java.lang.NullPointerException">
            <message>
              <![CDATA[Cannot invoke "org.openqa.selenium.WebElement.isDisplayed()" because the return value of "com.qa.trcrm.utils.ElementUtil.getElement(org.openqa.selenium.By)" is null]]>
            </message>
            <full-stacktrace>
              <![CDATA[java.lang.NullPointerException: Cannot invoke "org.openqa.selenium.WebElement.isDisplayed()" because the return value of "com.qa.trcrm.utils.ElementUtil.getElement(org.openqa.selenium.By)" is null
at com.qa.trcrm.utils.ElementUtil.doIsDisplayed(ElementUtil.java:83)
at com.qa.trcrm.pages.LoginPage.verifySignUpLink(LoginPage.java:35)
at com.qa.trcrm.tests.LoginPageTest.verifySignUpNowLinkTest(LoginPageTest.java:45)
at java.base/jdk.internal.reflect.NativeMethodAccessorImpl.invoke0(Native Method)
at java.base/jdk.internal.reflect.NativeMethodAccessorImpl.invoke(NativeMethodAccessorImpl.java:77)
at java.base/jdk.internal.reflect.DelegatingMethodAccessorImpl.invoke(DelegatingMethodAccessorImpl.java:43)
at java.base/java.lang.reflect.Method.invoke(Method.java:568)
at org.testng.internal.invokers.MethodInvocationHelper.invokeMethod(MethodInvocationHelper.java:139)
at org.testng.internal.invokers.TestInvoker.invokeMethod(TestInvoker.java:664)
at org.testng.internal.invokers.TestInvoker.invokeTestMethod(TestInvoker.java:227)
at org.testng.internal.invokers.MethodRunner.runInSequence(MethodRunner.java:50)
at org.testng.internal.invokers.TestInvoker$MethodInvocationAgent.invoke(TestInvoker.java:957)
at org.testng.internal.invokers.TestInvoker.invokeTestMethods(TestInvoker.java:200)
at org.testng.internal.invokers.TestMethodWorker.invokeTestMethods(TestMethodWorker.java:148)
at org.testng.internal.invokers.TestMethodWorker.run(TestMethodWorker.java:128)
at java.base/java.util.ArrayList.forEach(ArrayList.java:1511)
at org.testng.TestRunner.privateRun(TestRunner.java:848)
at org.testng.TestRunner.run(TestRunner.java:621)
at org.testng.SuiteRunner.runTest(SuiteRunner.java:443)
at org.testng.SuiteRunner.runSequentially(SuiteRunner.java:437)
at org.testng.SuiteRunner.privateRun(SuiteRunner.java:397)
at org.testng.SuiteRunner.run(SuiteRunner.java:336)
at org.testng.SuiteRunnerWorker.runSuite(SuiteRunnerWorker.java:52)
at org.testng.SuiteRunnerWorker.run(SuiteRunnerWorker.java:95)
at org.testng.TestNG.runSuitesSequentially(TestNG.java:1280)
at org.testng.TestNG.runSuitesLocally(TestNG.java:1200)
at org.testng.TestNG.runSuites(TestNG.java:1114)
at org.testng.TestNG.run(TestNG.java:1082)
at org.testng.remote.AbstractRemoteTestNG.run(AbstractRemoteTestNG.java:115)
at org.testng.remote.RemoteTestNG.initAndRun(RemoteTestNG.java:251)
at org.testng.remote.RemoteTestNG.main(RemoteTestNG.java:77)
]]>
            </full-stacktrace>
          </exception> <!-- java.lang.NullPointerException -->
          <reporter-output>
            <line>
              <![CDATA[Test cases verifySignUpNowLinkTest]]>
            </line>
          </reporter-output>
        </test-method> <!-- verifySignUpNowLinkTest -->
        <test-method signature="loginTest()[pri:3, instance:com.qa.trcrm.tests.LoginPageTest@7776ab]" started-at="2023-10-25T23:54:46 IST" name="loginTest" finished-at="2023-10-25T23:54:57 IST" duration-ms="11433" status="PASS">
          <reporter-output>
            <line>
              <![CDATA[Test cases loginTest]]>
            </line>
            <line>
              <![CDATA[status 1]]>
            </line>
          </reporter-output>
        </test-method> <!-- loginTest -->
        <test-method is-config="true" signature="tearDown()[pri:0, instance:com.qa.trcrm.tests.LoginPageTest@7776ab]" started-at="2023-10-25T23:54:57 IST" name="tearDown" finished-at="2023-10-25T23:55:01 IST" duration-ms="3492" status="PASS">
          <reporter-output>
          </reporter-output>
        </test-method> <!-- tearDown -->
      </class> <!-- com.qa.trcrm.tests.LoginPageTest -->
    </test> <!-- Login Page test -->
    <test started-at="2023-10-25T23:55:02 IST" name="Home Page test" finished-at="2023-10-25T23:55:43 IST" duration-ms="41174">
      <class name="com.qa.trcrm.tests.HomePageTest">
        <test-method is-config="true" signature="beforeTest()[pri:0, instance:com.qa.trcrm.tests.HomePageTest@6aa3a905]" started-at="2023-10-25T23:55:02 IST" name="beforeTest" finished-at="2023-10-25T23:55:39 IST" duration-ms="37529" status="PASS">
          <reporter-output>
          </reporter-output>
        </test-method> <!-- beforeTest -->
        <test-method signature="verifyHomePageTitleTest()[pri:1, instance:com.qa.trcrm.tests.HomePageTest@6aa3a905]" started-at="2023-10-25T23:55:39 IST" name="verifyHomePageTitleTest" finished-at="2023-10-25T23:55:39 IST" duration-ms="29" status="PASS">
          <reporter-output>
            <line>
              <![CDATA[Test cases verifyHomePageTitleTest]]>
            </line>
            <line>
              <![CDATA[status 1]]>
            </line>
          </reporter-output>
        </test-method> <!-- verifyHomePageTitleTest -->
        <test-method signature="verifyHomePageHeaderTest()[pri:2, instance:com.qa.trcrm.tests.HomePageTest@6aa3a905]" started-at="2023-10-25T23:55:39 IST" name="verifyHomePageHeaderTest" finished-at="2023-10-25T23:55:40 IST" duration-ms="84" status="PASS">
          <reporter-output>
            <line>
              <![CDATA[Test cases verifyHomePageHeaderTest]]>
            </line>
            <line>
              <![CDATA[status 1]]>
            </line>
          </reporter-output>
        </test-method> <!-- verifyHomePageHeaderTest -->
        <test-method signature="verifyLoggedInUserTest()[pri:3, instance:com.qa.trcrm.tests.HomePageTest@6aa3a905]" started-at="2023-10-25T23:55:40 IST" name="verifyLoggedInUserTest" finished-at="2023-10-25T23:55:40 IST" duration-ms="36" status="PASS">
          <reporter-output>
            <line>
              <![CDATA[Test cases verifyLoggedInUserTest]]>
            </line>
            <line>
              <![CDATA[status 1]]>
            </line>
          </reporter-output>
        </test-method> <!-- verifyLoggedInUserTest -->
        <test-method is-config="true" signature="afterTest()[pri:0, instance:com.qa.trcrm.tests.HomePageTest@6aa3a905]" started-at="2023-10-25T23:55:40 IST" name="afterTest" finished-at="2023-10-25T23:55:43 IST" duration-ms="3478" status="PASS">
          <reporter-output>
          </reporter-output>
        </test-method> <!-- afterTest -->
      </class> <!-- com.qa.trcrm.tests.HomePageTest -->
    </test> <!-- Home Page test -->
  </suite> <!-- trcrm app regression suite -->
</testng-results>
